2019-02-11 20:59:04,126 Opening config.json
2019-02-11 20:59:04,127 Found config.json
2019-02-11 20:59:04,128 Parsed config.json successfully as JSON
2019-02-11 20:59:04,128 Config contains: {
  "aad_token": "",
  "apiversion": "7.0",
  "auth_back": "/oauth2/v2.0/token",
  "auth_front": "https://login.microsoftonline.com/",
  "keyname": "tezzigator",
  "keys": {
    "tz3WaftwYXHatT1afD3XfAoaXcqKRuk2J4h9": {
      "public_key": "p2pk67ZmuqaUEamAyJsMWKSFwaWeEEe2nU2bnSrQcbyrH1h7Ub7uVpt"
    }
  },
  "keyversion": "500e42a49c464043a438ac2bf575cc6c",
  "node_addr": "http://127.0.0.1:8732",
  "scope_url": "https://vault.azure.net/.default",
  "tenant_id": "botezzigator.onmicrosoft.com",
  "vault_url": "https://tezzigator.vault.azure.net",
  "webapp_id": "f6cb3ceb-a439-4010-af46-f98f3388c651"
}
2019-02-11 20:59:04,129 loading initial token
2019-02-11 20:59:04,129 authing to fetch bearer token... 
2019-02-11 20:59:05,094 current GMT time: Tue Feb 12 02:59:05 2019 token expires GMT:Tue Feb 12 03:59:05 2019
2019-02-11 21:03:58,564 Opening config.json
2019-02-11 21:03:58,565 Found config.json
2019-02-11 21:03:58,566 Parsed config.json successfully as JSON
2019-02-11 21:03:58,567 Config contains: {
  "aad_token": "",
  "apiversion": "7.0",
  "auth_back": "/oauth2/v2.0/token",
  "auth_front": "https://login.microsoftonline.com/",
  "keyname": "tezzigator",
  "keys": {
    "tz3WaftwYXHatT1afD3XfAoaXcqKRuk2J4h9": {
      "public_key": "p2pk67ZmuqaUEamAyJsMWKSFwaWeEEe2nU2bnSrQcbyrH1h7Ub7uVpt"
    }
  },
  "keyversion": "500e42a49c464043a438ac2bf575cc6c",
  "node_addr": "http://127.0.0.1:8732",
  "scope_url": "https://vault.azure.net/.default",
  "tenant_id": "botezzigator.onmicrosoft.com",
  "vault_url": "https://tezzigator.vault.azure.net",
  "webapp_id": "f6cb3ceb-a439-4010-af46-f98f3388c651"
}
2019-02-11 21:03:58,567 loading initial token
2019-02-11 21:03:58,568 authing to fetch bearer token... 
2019-02-11 21:03:59,446 current GMT time: Tue Feb 12 03:03:59 2019 token expires GMT:Tue Feb 12 04:03:58 2019
2019-02-11 21:03:59,504  * Running on http://127.0.0.1:5001/ (Press CTRL+C to quit)
2019-02-11 21:03:59,507  * Restarting with stat
2019-02-11 21:04:00,567 Opening config.json
2019-02-11 21:04:00,567 Found config.json
2019-02-11 21:04:00,568 Parsed config.json successfully as JSON
2019-02-11 21:04:00,568 Config contains: {
  "aad_token": "",
  "apiversion": "7.0",
  "auth_back": "/oauth2/v2.0/token",
  "auth_front": "https://login.microsoftonline.com/",
  "keyname": "tezzigator",
  "keys": {
    "tz3WaftwYXHatT1afD3XfAoaXcqKRuk2J4h9": {
      "public_key": "p2pk67ZmuqaUEamAyJsMWKSFwaWeEEe2nU2bnSrQcbyrH1h7Ub7uVpt"
    }
  },
  "keyversion": "500e42a49c464043a438ac2bf575cc6c",
  "node_addr": "http://127.0.0.1:8732",
  "scope_url": "https://vault.azure.net/.default",
  "tenant_id": "botezzigator.onmicrosoft.com",
  "vault_url": "https://tezzigator.vault.azure.net",
  "webapp_id": "f6cb3ceb-a439-4010-af46-f98f3388c651"
}
2019-02-11 21:04:00,569 loading initial token
2019-02-11 21:04:00,569 authing to fetch bearer token... 
2019-02-11 21:04:01,036 current GMT time: Tue Feb 12 03:04:01 2019 token expires GMT:Tue Feb 12 04:04:01 2019
2019-02-11 21:04:01,092  * Debugger is active!
2019-02-11 21:04:01,093  * Debugger PIN: 318-455-580
2019-02-11 21:04:04,901 Found public key p2pk67ZmuqaUEamAyJsMWKSFwaWeEEe2nU2bnSrQcbyrH1h7Ub7uVpt for key hash tz3WaftwYXHatT1afD3XfAoaXcqKRuk2J4h9
2019-02-11 21:04:04,902 Returning flask response <Response 78 bytes [200 OK]>
2019-02-11 21:04:04,903 127.0.0.1 - - [11/Feb/2019 21:04:04] "GET /keys/tz3WaftwYXHatT1afD3XfAoaXcqKRuk2J4h9 HTTP/1.1" 200 -
2019-02-11 21:04:32,732 127.0.0.1 - - [11/Feb/2019 21:04:32] "GET /authorized_keys HTTP/1.1" 200 -
2019-02-11 21:04:32,741 Found key_hash tz3WaftwYXHatT1afD3XfAoaXcqKRuk2J4h9 in config
2019-02-11 21:04:32,742 Attempting to sign 035d7c21869f01c8bd470b2585963167d8251704bf058953ca87ae1e0e45b9527d08000270755dec213341e0f24478e0fd01142141d188e7d08603cc10c80100c0843d0000a9ceae0f8909125492a7c4700acc59274cc6c84600
2019-02-11 21:04:32,742 Verifying payload
2019-02-11 21:04:32,742 Payload b"\x03]|!\x86\x9f\x01\xc8\xbdG\x0b%\x85\x961g\xd8%\x17\x04\xbf\x05\x89S\xca\x87\xae\x1e\x0eE\xb9R}\x08\x00\x02pu]\xec!3A\xe0\xf2Dx\xe0\xfd\x01\x14!A\xd1\x88\xe7\xd0\x86\x03\xcc\x10\xc8\x01\x00\xc0\x84=\x00\x00\xa9\xce\xae\x0f\x89\t\x12T\x92\xa7\xc4p\n\xccY'L\xc6\xc8F\x00" is valid
2019-02-11 21:04:32,742 About to sign
2019-02-11 21:04:32,743 Block format is valid
2019-02-11 21:04:32,743 Preamble is valid
2019-02-11 21:04:32,743 Block level is valid
2019-02-11 21:04:32,743 About to sign with HSM client.
2019-02-11 21:04:33,588 Signer returns HTTP data:
2019-02-11 21:04:33,590 <Response [200]>
2019-02-11 21:04:33,590 {'Cache-Control': 'no-cache', 'Pragma': 'no-cache', 'Content-Type': 'application/json; charset=utf-8', 'Expires': '-1', 'Server': 'Microsoft-IIS/10.0', 'x-ms-keyvault-region': 'centralus', 'x-ms-request-id': '5fa66f3f-aab0-4007-83dd-ec9e94682829', 'x-ms-keyvault-service-version': '1.1.0.861', 'x-ms-keyvault-network-info': 'addr=24.42.130.166;act_addr_fam=InterNetwork;', 'X-AspNet-Version': '4.0.30319', 'X-Powered-By': 'ASP.NET', 'Strict-Transport-Security': 'max-age=31536000;includeSubDomains', 'X-Content-Type-Options': 'nosniff', 'Date': 'Tue, 12 Feb 2019 03:04:32 GMT', 'Content-Length': '190'}
2019-02-11 21:04:33,590 {"kid":"https://tezzigator.vault.azure.net/keys/tezzigator/500e42a49c464043a438ac2bf575cc6c","value":"kPS3gXyauAiN_8yEKvFpPaWlQt1tLioUfsguUzZzltMzUHR7ztgDAvDsUvOlHt5mXJ7z2j1JRbKjbqV9kYRmQw"}
2019-02-11 21:04:33,591 Base58-encoded signature: p2siggGT1ytfSfLWzBY9Qu7xAhFNZbNLMZgroCY2CEU3uGWKJoBxMKkVWz3in4zpJYB1v6GYoziyDu1aqZbbd7yaFKMG5WMSAB
2019-02-11 21:04:33,592 Response is <Response 120 bytes [200 OK]>
2019-02-11 21:04:33,593 Returning flask response <Response 120 bytes [200 OK]>
2019-02-11 21:04:33,594 127.0.0.1 - - [11/Feb/2019 21:04:33] "POST /keys/tz3WaftwYXHatT1afD3XfAoaXcqKRuk2J4h9 HTTP/1.1" 200 -
